{
  "RSpec": {
    "coverage": {
      "/Users/jeremyfox/Ruby/TechTests/gift-aid-calculator/lib/admin.rb": [
        1,
        null,
        1,
        null,
        1,
        1,
        null,
        null,
        null
      ],
      "/Users/jeremyfox/Ruby/TechTests/gift-aid-calculator/lib/user.rb": [
        1,
        null,
        1,
        null,
        1,
        2,
        null,
        null,
        1,
        2,
        null,
        null,
        null
      ],
      "/Users/jeremyfox/Ruby/TechTests/gift-aid-calculator/lib/event.rb": [
        1,
        null,
        1,
        null,
        null,
        null,
        null,
        null,
        1,
        null,
        1,
        10,
        null,
        null,
        1,
        4,
        null,
        null,
        1,
        3,
        null,
        null,
        1,
        null,
        1,
        14,
        null,
        null,
        1,
        10,
        null,
        null,
        1,
        10,
        null,
        null,
        1,
        7,
        null,
        null,
        null
      ],
      "/Users/jeremyfox/Ruby/TechTests/gift-aid-calculator/lib/gift_aid_calculator.rb": [
        1,
        null,
        1,
        null,
        1,
        1,
        null,
        1,
        null,
        1,
        null,
        1,
        null,
        1,
        11,
        null,
        null,
        1,
        7,
        null,
        null,
        1,
        null,
        1,
        10,
        null,
        null,
        1,
        7,
        null,
        null,
        1,
        6,
        null,
        null,
        1,
        6,
        1,
        null,
        null,
        1,
        6,
        null,
        null,
        1,
        1,
        null,
        null,
        1,
        1,
        null,
        null,
        1,
        5,
        null,
        null,
        null,
        null,
        null
      ]
    },
    "timestamp": 1411378569
  }
}
